<?xml version="1.0" encoding="UTF-8"?>
<!-- Generated by org.testng.reporters.JUnitReportReporter -->
<testsuite hostname="BIMWize3" failures="0" tests="1" name="test.WindowHandling" time="7.602" errors="0" timestamp="2022-07-28T09:47:03 EDT" skipped="0">
  <testcase classname="test.WindowHandling" name="windowhandles" time="7.602"/>
  <system-out/>
</testsuite> <!-- test.WindowHandling -->
