<?xml version="1.0" encoding="UTF-8"?>
<!-- Generated by org.testng.reporters.JUnitReportReporter -->
<testsuite hostname="BIMWize3" failures="0" tests="1" name="test.Robotexample" time="3.448" errors="0" timestamp="2022-08-02T08:49:40 EDT" skipped="0">
  <testcase classname="test.Robotexample" name="upload" time="3.448"/>
  <system-out/>
</testsuite> <!-- test.Robotexample -->
