<?xml version="1.0" encoding="UTF-8"?>
<!-- Generated by org.testng.reporters.JUnitReportReporter -->
<testsuite hostname="BIMWize3" failures="0" tests="1" name="test.ActionExample" time="9.558" errors="0" timestamp="2022-07-28T09:25:26 EDT" skipped="0">
  <testcase classname="test.ActionExample" name="copyPaste" time="9.558"/>
  <system-out/>
</testsuite> <!-- test.ActionExample -->
