<?xml version="1.0" encoding="UTF-8"?>
<!-- Generated by org.testng.reporters.JUnitReportReporter -->
<testsuite hostname="BIMWize3" failures="0" tests="2" name="test.NavigationCommands" time="6.729" errors="0" timestamp="2022-07-20T09:47:55 EDT" skipped="0">
  <testcase classname="test.NavigationCommands" name="vaidateurl" time="0.021"/>
  <system-out/>
  <testcase classname="test.NavigationCommands" name="naviagtioncommands" time="6.708"/>
  <system-out/>
</testsuite> <!-- test.NavigationCommands -->
