<?xml version="1.0" encoding="UTF-8"?>
<!-- Generated by org.testng.reporters.JUnitReportReporter -->
<testsuite hostname="BIMWize3" failures="0" tests="1" name="test.ClickSendkeys" time="41.455" errors="0" timestamp="2022-08-02T08:27:20 EDT" skipped="0">
  <testcase classname="test.ClickSendkeys" name="validatescrollintoview" time="41.455"/>
  <system-out/>
</testsuite> <!-- test.ClickSendkeys -->
