<?xml version="1.0" encoding="UTF-8"?>
<!-- Generated by org.testng.reporters.JUnitReportReporter -->
<testsuite hostname="BIMWize3" failures="0" tests="1" name="test.AlertExample" time="12.377" errors="0" timestamp="2022-07-28T08:51:03 EDT" skipped="0">
  <testcase classname="test.AlertExample" name="alerttest" time="12.377"/>
  <system-out/>
</testsuite> <!-- test.AlertExample -->
