<?xml version="1.0" encoding="UTF-8"?>
<!-- Generated by org.testng.reporters.JUnitReportReporter -->
<testsuite hostname="BIMWize3" failures="0" tests="1" name="test.IframesHandlind" time="9.503" errors="0" timestamp="2022-07-28T10:01:33 EDT" skipped="0">
  <testcase classname="test.IframesHandlind" name="iframeexample" time="9.503"/>
  <system-out/>
</testsuite> <!-- test.IframesHandlind -->
